000000000000038c r __abi_tag
00000000000011b0 t deregister_tm_clones
00000000000011e0 t register_tm_clones
0000000000001220 t __do_global_dtors_aux
0000000000009010 b completed.0
0000000000008d48 d __do_global_dtors_aux_fini_array_entry
0000000000001260 t frame_dummy
0000000000008d40 d __frame_dummy_init_array_entry
00000000000012eb t ft_symtab_counter
0000000000001320 t handle_symtab
0000000000001792 t ft_symtab_counter
00000000000017c7 t output_entry
000000000000182d t handle_symtab
0000000000001cdb t is_arg
0000000000001d85 t init_params
0000000000001f1b t ft_nm
000000000000237c t get_sym_type1
0000000000002e0e t ft_memjoin
0000000000002efc t pf_join
00000000000031d7 t pf_init_forma
0000000000003227 t ft_scan
00000000000039e8 t ft_handle_type_uint
0000000000003cb4 t ft_handle_type_int
0000000000003f81 t ft_handle_charstr
00000000000041fa t ft_handle_p_pc
0000000000004428 t pf_handle_sign
0000000000004b63 t ft_shift_p_u
0000000000004bd6 t ft_shift_p
0000000000004c46 t ft_aux_u
0000000000004cda t ft_aux
00000000000050e2 t pf_get_wstrn
0000000000006e88 r __FRAME_END__
0000000000006210 r __GNU_EH_FRAME_HDR
0000000000008f70 d _GLOBAL_OFFSET_TABLE_
0000000000008d50 d _DYNAMIC
0000000000004944 T ft_strndup
00000000000048bc T ft_handle_format_charstr
0000000000009000 W data_start
00000000000053d7 T ft_isdigit
0000000000001180 T _start
                 U close@GLIBC_2.2.5
                 U __asan_init
000000000000305d T ft_memcpy
                 w __gmon_start__
0000000000002d8a T ft_vdprintf
00000000000036cc T ft_scan_precision
                 U exit@GLIBC_2.2.5
                 U fstat@GLIBC_2.33
0000000000001b68 T ft_nm64
0000000000005698 T _fini
                 U malloc
0000000000001269 T error_msg
0000000000002395 T get_sym_type
0000000000002aef T ft_printf
0000000000008d38 D __local_asan_preinit
00000000000030b1 T ft_strdel
0000000000004696 T ft_handle_format_uint
0000000000003143 T ft_strsub
00000000000052ce T ft_atoi
                 w _ITM_deregisterTMCloneTable
00000000000035c3 T ft_scan_width
0000000000006000 R _IO_stdin_used
000000000000230d T is_special_section_indice
0000000000004ecd T ft_wstrlen
0000000000001291 T error_msg_cleanup
                 w _ITM_registerTMCloneTable
0000000000009000 D __data_start
00000000000015ff T ft_nm32
                 w __cxa_finalize@GLIBC_2.2.5
                 U mmap
0000000000005440 T ft_strchr
00000000000030f3 T ft_strnew
000000000000547f T ft_strcmp
0000000000005501 T ft_strdup
00000000000047cd T ft_handle_format_int
00000000000042c6 T ft_rpstr
000000000000225c T check_elf_ident
                 U write
0000000000009010 D __TMC_END__
000000000000457c T pf_padding
0000000000002ca9 T ft_asprintf
0000000000009008 D __dso_handle
0000000000004f00 T ft_widetoa
0000000000004d75 T pf_itoa_base
00000000000053fc T ft_memset
0000000000003480 T ft_scanflag
0000000000005654 T ft_strcpy
0000000000009010 B __bss_start
0000000000002a46 T ft_strlen
                 U __stack_chk_fail@GLIBC_2.4
0000000000004907 T pf_add_prefix_str
0000000000005067 T ft_wstrtomb
00000000000055ff T ft_strcat
00000000000052b6 T ft_abs
0000000000004b19 T pf_get_base
                 U munmap@GLIBC_2.2.5
00000000000049ea T pf_handle_null_c
0000000000009018 B _end
0000000000002a79 T ft_strncmp
000000000000335b T ft_convert
00000000000029d2 T ft_memcmp
00000000000038f8 T ft_scantype
0000000000004a27 T pf_handle_null_str
                 U free
0000000000009010 D _edata
0000000000002f71 T ft_vasprintf
                 U __libc_start_main@GLIBC_2.34
00000000000051fc T ft_wstrntomb
0000000000005560 T ft_strjoin
                 U open@GLIBC_2.2.5
00000000000037ca T ft_scanlength
000000000000213c T main
0000000000001000 T _init
000000000000299c T ft_bzero
0000000000002bcb T ft_dprintf
